This file contains any messages produced by compilers while
running configure, to aid debugging if configure makes a mistake.

It was created by sqlite configure 3.14.0, which was
generated by GNU Autoconf 2.69.  Invocation command line was

  $ ./configure 

## --------- ##
## Platform. ##
## --------- ##

hostname = MacBook-Pro.local
uname -m = arm64
uname -r = 23.6.0
uname -s = Darwin
uname -v = Darwin Kernel Version 23.6.0: Thu Mar  6 22:00:36 PST 2025; root:xnu-10063.141.1.704.6~1/RELEASE_ARM64_T8122

/usr/bin/uname -p = arm
/bin/uname -X     = unknown

/bin/arch              = unknown
/usr/bin/arch -k       = unknown
/usr/convex/getsysinfo = unknown
/usr/bin/hostinfo      = Mach kernel version:
	 Darwin Kernel Version 23.6.0: Thu Mar  6 22:00:36 PST 2025; root:xnu-10063.141.1.704.6~1/RELEASE_ARM64_T8122
Kernel configured for up to 8 processors.
8 processors are physically available.
8 processors are logically available.
Processor type: arm64e (ARM64E)
Processors active: 0 1 2 3 4 5 6 7
Primary memory available: 16.00 gigabytes
Default processor set: 699 tasks, 2626 threads, 8 processors
Load average: 2.32, Mach factor: 5.67
/bin/machine           = unknown
/usr/bin/oslevel       = unknown
/bin/universe          = unknown

PATH: /usr/local/bin
PATH: /System/Cryptexes/App/usr/bin
PATH: /usr/bin
PATH: /bin
PATH: /usr/sbin
PATH: /sbin
PATH: /var/run/com.apple.security.cryptexd/codex.system/bootstrap/usr/local/bin
PATH: /var/run/com.apple.security.cryptexd/codex.system/bootstrap/usr/bin
PATH: /var/run/com.apple.security.cryptexd/codex.system/bootstrap/usr/appleinternal/bin
PATH: /opt/X11/bin


## ----------- ##
## Core tests. ##
## ----------- ##

configure:2327: checking for a BSD-compatible install
configure:2395: result: /usr/bin/install -c
configure:2406: checking whether build environment is sane
configure:2461: result: yes
configure:2612: checking for a thread-safe mkdir -p
configure:2651: result: ./install-sh -c -d
configure:2658: checking for gawk
configure:2688: result: no
configure:2658: checking for mawk
configure:2688: result: no
configure:2658: checking for nawk
configure:2688: result: no
configure:2658: checking for awk
configure:2674: found /usr/bin/awk
configure:2685: result: awk
configure:2696: checking whether make sets $(MAKE)
configure:2718: result: yes
configure:2747: checking whether make supports nested variables
configure:2764: result: yes
configure:2902: checking for style of include used by make
configure:2930: result: GNU
configure:3001: checking for gcc
configure:3017: found /usr/bin/gcc
configure:3028: result: gcc
configure:3257: checking for C compiler version
configure:3266: gcc --version >&5
Apple clang version 16.0.0 (clang-1600.0.26.6)
Target: arm64-apple-darwin23.6.0
Thread model: posix
InstalledDir: /Applications/Xcode.app/Contents/Developer/Toolchains/XcodeDefault.xctoolchain/usr/bin
configure:3277: $? = 0
configure:3266: gcc -v >&5
Apple clang version 16.0.0 (clang-1600.0.26.6)
Target: arm64-apple-darwin23.6.0
Thread model: posix
InstalledDir: /Applications/Xcode.app/Contents/Developer/Toolchains/XcodeDefault.xctoolchain/usr/bin
configure:3277: $? = 0
configure:3266: gcc -V >&5
clang: error: argument to '-V' is missing (expected 1 value)
clang: error: no input files
configure:3277: $? = 1
configure:3266: gcc -qversion >&5
clang: error: unknown argument '-qversion'; did you mean '--version'?
clang: error: no input files
configure:3277: $? = 1
configure:3297: checking whether the C compiler works
configure:3319: gcc    conftest.c  >&5
configure:3323: $? = 0
configure:3371: result: yes
configure:3374: checking for C compiler default output file name
configure:3376: result: a.out
configure:3382: checking for suffix of executables
configure:3389: gcc -o conftest    conftest.c  >&5
configure:3393: $? = 0
configure:3415: result: 
configure:3437: checking whether we are cross compiling
configure:3445: gcc -o conftest    conftest.c  >&5
configure:3449: $? = 0
configure:3456: ./conftest
configure:3460: $? = 0
configure:3475: result: no
configure:3480: checking for suffix of object files
configure:3502: gcc -c   conftest.c >&5
configure:3506: $? = 0
configure:3527: result: o
configure:3531: checking whether we are using the GNU C compiler
configure:3550: gcc -c   conftest.c >&5
configure:3550: $? = 0
configure:3559: result: yes
configure:3568: checking whether gcc accepts -g
configure:3588: gcc -c -g  conftest.c >&5
configure:3588: $? = 0
configure:3629: result: yes
configure:3646: checking for gcc option to accept ISO C89
configure:3709: gcc  -c -g -O2  conftest.c >&5
conftest.c:17:14: warning: a function definition without a prototype is deprecated in all versions of C and is not supported in C2x [-Wdeprecated-non-prototype]
   17 | static char *e (p, i)
      |              ^
1 warning generated.
configure:3709: $? = 0
configure:3722: result: none needed
configure:3747: checking whether gcc understands -c and -o together
configure:3769: gcc -c conftest.c -o conftest2.o
configure:3772: $? = 0
configure:3769: gcc -c conftest.c -o conftest2.o
configure:3772: $? = 0
configure:3784: result: yes
configure:3803: checking dependency style of gcc
configure:3914: result: gcc3
configure:3937: checking for special C compiler options needed for large files
configure:3982: result: no
configure:3988: checking for _FILE_OFFSET_BITS value needed for large files
configure:4013: gcc -c -g -O2  conftest.c >&5
configure:4013: $? = 0
configure:4045: result: no
configure:4180: checking for gcc
configure:4207: result: gcc
configure:4436: checking for C compiler version
configure:4445: gcc --version >&5
Apple clang version 16.0.0 (clang-1600.0.26.6)
Target: arm64-apple-darwin23.6.0
Thread model: posix
InstalledDir: /Applications/Xcode.app/Contents/Developer/Toolchains/XcodeDefault.xctoolchain/usr/bin
configure:4456: $? = 0
configure:4445: gcc -v >&5
Apple clang version 16.0.0 (clang-1600.0.26.6)
Target: arm64-apple-darwin23.6.0
Thread model: posix
InstalledDir: /Applications/Xcode.app/Contents/Developer/Toolchains/XcodeDefault.xctoolchain/usr/bin
configure:4456: $? = 0
configure:4445: gcc -V >&5
clang: error: argument to '-V' is missing (expected 1 value)
clang: error: no input files
configure:4456: $? = 1
configure:4445: gcc -qversion >&5
clang: error: unknown argument '-qversion'; did you mean '--version'?
clang: error: no input files
configure:4456: $? = 1
configure:4460: checking whether we are using the GNU C compiler
configure:4488: result: yes
configure:4497: checking whether gcc accepts -g
configure:4558: result: yes
configure:4575: checking for gcc option to accept ISO C89
configure:4651: result: none needed
configure:4676: checking whether gcc understands -c and -o together
configure:4713: result: yes
configure:4732: checking dependency style of gcc
configure:4843: result: gcc3
configure:4887: checking build system type
configure:4901: result: arm-apple-darwin23.6.0
configure:4921: checking host system type
configure:4934: result: arm-apple-darwin23.6.0
configure:4975: checking how to print strings
configure:5002: result: printf
configure:5023: checking for a sed that does not truncate output
configure:5087: result: /usr/bin/sed
configure:5105: checking for grep that handles long lines and -e
configure:5163: result: /usr/bin/grep
configure:5168: checking for egrep
configure:5230: result: /usr/bin/grep -E
configure:5235: checking for fgrep
configure:5297: result: /usr/bin/grep -F
configure:5332: checking for ld used by gcc
configure:5399: result: /Applications/Xcode.app/Contents/Developer/Toolchains/XcodeDefault.xctoolchain/usr/bin/ld
configure:5406: checking if the linker (/Applications/Xcode.app/Contents/Developer/Toolchains/XcodeDefault.xctoolchain/usr/bin/ld) is GNU ld
configure:5421: result: no
configure:5433: checking for BSD- or MS-compatible name lister (nm)
configure:5482: result: /usr/bin/nm -B
configure:5612: checking the name lister (/usr/bin/nm -B) interface
configure:5619: gcc -c -g -O2  conftest.c >&5
configure:5622: /usr/bin/nm -B "conftest.o"
configure:5625: output
0000000000000248 S _some_variable
0000000000000000 t ltmp0
0000000000000248 s ltmp1
configure:5632: result: BSD nm
configure:5635: checking whether ln -s works
configure:5639: result: yes
configure:5647: checking the maximum length of command line arguments
configure:5778: result: 786432
configure:5795: checking whether the shell understands some XSI constructs
configure:5805: result: yes
configure:5809: checking whether the shell understands "+="
configure:5815: result: yes
configure:5850: checking how to convert arm-apple-darwin23.6.0 file names to arm-apple-darwin23.6.0 format
configure:5890: result: func_convert_file_noop
configure:5897: checking how to convert arm-apple-darwin23.6.0 file names to toolchain format
configure:5917: result: func_convert_file_noop
configure:5924: checking for /Applications/Xcode.app/Contents/Developer/Toolchains/XcodeDefault.xctoolchain/usr/bin/ld option to reload object files
configure:5931: result: -r
configure:6005: checking for objdump
configure:6021: found /usr/bin/objdump
configure:6032: result: objdump
configure:6064: checking how to recognize dependent libraries
configure:6262: result: pass_all
configure:6347: checking for dlltool
configure:6377: result: no
configure:6407: checking how to associate runtime and link libraries
configure:6434: result: printf %s\n
configure:6494: checking for ar
configure:6510: found /usr/bin/ar
configure:6521: result: ar
configure:6558: checking for archiver @FILE support
configure:6575: gcc -c -g -O2  conftest.c >&5
configure:6575: $? = 0
configure:6578: ar cru libconftest.a @conftest.lst >&5
ar: @conftest.lst: No such file or directory
configure:6581: $? = 1
configure:6601: result: no
configure:6659: checking for strip
configure:6675: found /usr/bin/strip
configure:6686: result: strip
configure:6758: checking for ranlib
configure:6774: found /usr/bin/ranlib
configure:6785: result: ranlib
configure:6887: checking command to parse /usr/bin/nm -B output from gcc object
configure:7007: gcc -c -g -O2  conftest.c >&5
configure:7010: $? = 0
configure:7014: /usr/bin/nm -B conftest.o \| sed -n -e 's/^.*[ ]\([ABCDGIRSTW][ABCDGIRSTW]*\)[ ][ ]*\([_A-Za-z][_A-Za-z0-9]*\)$/\1 \2 \2/p' | sed '/ __gnu_lto/d' \> conftest.nm
configure:7017: $? = 0
cannot find nm_test_var in conftest.nm
configure:7007: gcc -c -g -O2  conftest.c >&5
configure:7010: $? = 0
configure:7014: /usr/bin/nm -B conftest.o \| sed -n -e 's/^.*[ ]\([ABCDGIRSTW][ABCDGIRSTW]*\)[ ][ ]*_\([_A-Za-z][_A-Za-z0-9]*\)$/\1 _\2 \2/p' | sed '/ __gnu_lto/d' \> conftest.nm
configure:7017: $? = 0
configure:7083: gcc -o conftest -g -O2   conftest.c conftstm.o >&5
configure:7086: $? = 0
configure:7124: result: ok
configure:7161: checking for sysroot
configure:7191: result: no
configure:7460: checking for mt
configure:7490: result: no
configure:7510: checking if : is a manifest tool
configure:7516: : '-?'
configure:7524: result: no
configure:7580: checking for dsymutil
configure:7596: found /usr/bin/dsymutil
configure:7607: result: dsymutil
configure:7672: checking for nmedit
configure:7688: found /usr/bin/nmedit
configure:7699: result: nmedit
configure:7764: checking for lipo
configure:7780: found /usr/bin/lipo
configure:7791: result: lipo
configure:7856: checking for otool
configure:7872: found /usr/bin/otool
configure:7883: result: otool
configure:7948: checking for otool64
configure:7978: result: no
configure:8023: checking for -single_module linker flag
gcc -g -O2  -o libconftest.dylib -dynamiclib -Wl,-single_module conftest.c
ld: warning: -single_module is obsolete
configure:8056: result: no
configure:8059: checking for -exported_symbols_list linker flag
configure:8079: gcc -o conftest -g -O2   -Wl,-exported_symbols_list,conftest.sym conftest.c  >&5
configure:8079: $? = 0
configure:8089: result: yes
configure:8092: checking for -force_load linker flag
gcc -g -O2 -c -o conftest.o conftest.c
ar cru libconftest.a conftest.o
ranlib libconftest.a
gcc -g -O2  -o conftest conftest.c -Wl,-force_load,./libconftest.a
configure:8124: result: yes
configure:8166: checking how to run the C preprocessor
configure:8197: gcc -E  conftest.c
configure:8197: $? = 0
configure:8211: gcc -E  conftest.c
conftest.c:11:10: fatal error: 'ac_nonexistent.h' file not found
   11 | #include <ac_nonexistent.h>
      |          ^~~~~~~~~~~~~~~~~~
1 error generated.
configure:8211: $? = 1
configure: failed program was:
| /* confdefs.h */
| #define PACKAGE_NAME "sqlite"
| #define PACKAGE_TARNAME "sqlite"
| #define PACKAGE_VERSION "3.14.0"
| #define PACKAGE_STRING "sqlite 3.14.0"
| #define PACKAGE_BUGREPORT "http://www.sqlite.org"
| #define PACKAGE_URL ""
| #define PACKAGE "sqlite"
| #define VERSION "3.14.0"
| /* end confdefs.h.  */
| #include <ac_nonexistent.h>
configure:8236: result: gcc -E
configure:8256: gcc -E  conftest.c
configure:8256: $? = 0
configure:8270: gcc -E  conftest.c
conftest.c:11:10: fatal error: 'ac_nonexistent.h' file not found
   11 | #include <ac_nonexistent.h>
      |          ^~~~~~~~~~~~~~~~~~
1 error generated.
configure:8270: $? = 1
configure: failed program was:
| /* confdefs.h */
| #define PACKAGE_NAME "sqlite"
| #define PACKAGE_TARNAME "sqlite"
| #define PACKAGE_VERSION "3.14.0"
| #define PACKAGE_STRING "sqlite 3.14.0"
| #define PACKAGE_BUGREPORT "http://www.sqlite.org"
| #define PACKAGE_URL ""
| #define PACKAGE "sqlite"
| #define VERSION "3.14.0"
| /* end confdefs.h.  */
| #include <ac_nonexistent.h>
configure:8299: checking for ANSI C header files
configure:8319: gcc -c -g -O2  conftest.c >&5
configure:8319: $? = 0
configure:8392: gcc -o conftest -g -O2   conftest.c  >&5
configure:8392: $? = 0
configure:8392: ./conftest
configure:8392: $? = 0
configure:8403: result: yes
configure:8416: checking for sys/types.h
configure:8416: gcc -c -g -O2  conftest.c >&5
configure:8416: $? = 0
configure:8416: result: yes
configure:8416: checking for sys/stat.h
configure:8416: gcc -c -g -O2  conftest.c >&5
configure:8416: $? = 0
configure:8416: result: yes
configure:8416: checking for stdlib.h
configure:8416: gcc -c -g -O2  conftest.c >&5
configure:8416: $? = 0
configure:8416: result: yes
configure:8416: checking for string.h
configure:8416: gcc -c -g -O2  conftest.c >&5
configure:8416: $? = 0
configure:8416: result: yes
configure:8416: checking for memory.h
configure:8416: gcc -c -g -O2  conftest.c >&5
configure:8416: $? = 0
configure:8416: result: yes
configure:8416: checking for strings.h
configure:8416: gcc -c -g -O2  conftest.c >&5
configure:8416: $? = 0
configure:8416: result: yes
configure:8416: checking for inttypes.h
configure:8416: gcc -c -g -O2  conftest.c >&5
configure:8416: $? = 0
configure:8416: result: yes
configure:8416: checking for stdint.h
configure:8416: gcc -c -g -O2  conftest.c >&5
configure:8416: $? = 0
configure:8416: result: yes
configure:8416: checking for unistd.h
configure:8416: gcc -c -g -O2  conftest.c >&5
configure:8416: $? = 0
configure:8416: result: yes
configure:8430: checking for dlfcn.h
configure:8430: gcc -c -g -O2  conftest.c >&5
configure:8430: $? = 0
configure:8430: result: yes
configure:8636: checking for objdir
configure:8651: result: .libs
configure:8918: checking if gcc supports -fno-rtti -fno-exceptions
configure:8936: gcc -c -g -O2  -fno-rtti -fno-exceptions conftest.c >&5
configure:8940: $? = 0
configure:8953: result: yes
configure:9280: checking for gcc option to produce PIC
configure:9287: result: -fno-common -DPIC
configure:9295: checking if gcc PIC flag -fno-common -DPIC works
configure:9313: gcc -c -g -O2  -fno-common -DPIC -DPIC conftest.c >&5
configure:9317: $? = 0
configure:9330: result: yes
configure:9359: checking if gcc static flag -static works
configure:9387: result: no
configure:9402: checking if gcc supports -c -o file.o
configure:9423: gcc -c -g -O2  -o out/conftest2.o conftest.c >&5
configure:9427: $? = 0
configure:9449: result: yes
configure:9457: checking if gcc supports -c -o file.o
configure:9504: result: yes
configure:9537: checking whether the gcc linker (/Applications/Xcode.app/Contents/Developer/Toolchains/XcodeDefault.xctoolchain/usr/bin/ld) supports shared libraries
configure:10694: result: yes
configure:10934: checking dynamic linker characteristics
configure:11668: result: darwin23.6.0 dyld
configure:11775: checking how to hardcode library paths into programs
configure:11800: result: immediate
configure:12340: checking whether stripping libraries is possible
configure:12354: result: yes
configure:12380: checking if libtool supports shared libraries
configure:12382: result: yes
configure:12385: checking whether to build shared libraries
configure:12406: result: yes
configure:12409: checking whether to build static libraries
configure:12413: result: yes
configure:12456: checking for fdatasync
configure:12456: gcc -o conftest -g -O2   conftest.c  >&5
configure:12456: $? = 0
configure:12456: result: yes
configure:12456: checking for usleep
configure:12456: gcc -o conftest -g -O2   conftest.c  >&5
configure:12456: $? = 0
configure:12456: result: yes
configure:12456: checking for fullfsync
configure:12456: gcc -o conftest -g -O2   conftest.c  >&5
Undefined symbols for architecture arm64:
  "_fullfsync", referenced from:
      _main in conftest-1e6d6d.o
ld: symbol(s) not found for architecture arm64
clang: error: linker command failed with exit code 1 (use -v to see invocation)
configure:12456: $? = 1
configure: failed program was:
| /* confdefs.h */
| #define PACKAGE_NAME "sqlite"
| #define PACKAGE_TARNAME "sqlite"
| #define PACKAGE_VERSION "3.14.0"
| #define PACKAGE_STRING "sqlite 3.14.0"
| #define PACKAGE_BUGREPORT "http://www.sqlite.org"
| #define PACKAGE_URL ""
| #define PACKAGE "sqlite"
| #define VERSION "3.14.0"
| #define STDC_HEADERS 1
| #define HAVE_SYS_TYPES_H 1
| #define HAVE_SYS_STAT_H 1
| #define HAVE_STDLIB_H 1
| #define HAVE_STRING_H 1
| #define HAVE_MEMORY_H 1
| #define HAVE_STRINGS_H 1
| #define HAVE_INTTYPES_H 1
| #define HAVE_STDINT_H 1
| #define HAVE_UNISTD_H 1
| #define HAVE_DLFCN_H 1
| #define LT_OBJDIR ".libs/"
| #define HAVE_FDATASYNC 1
| #define HAVE_USLEEP 1
| /* end confdefs.h.  */
| /* Define fullfsync to an innocuous variant, in case <limits.h> declares fullfsync.
|    For example, HP-UX 11i <limits.h> declares gettimeofday.  */
| #define fullfsync innocuous_fullfsync
| 
| /* System header to define __stub macros and hopefully few prototypes,
|     which can conflict with char fullfsync (); below.
|     Prefer <limits.h> to <assert.h> if __STDC__ is defined, since
|     <limits.h> exists even on freestanding compilers.  */
| 
| #ifdef __STDC__
| # include <limits.h>
| #else
| # include <assert.h>
| #endif
| 
| #undef fullfsync
| 
| /* Override any GCC internal prototype to avoid an error.
|    Use char because int might match the return type of a GCC
|    builtin and then its argument prototype would still apply.  */
| #ifdef __cplusplus
| extern "C"
| #endif
| char fullfsync ();
| /* The GNU C library defines this for functions which it implements
|     to always fail with ENOSYS.  Some functions are actually named
|     something starting with __ and the normal name is an alias.  */
| #if defined __stub_fullfsync || defined __stub___fullfsync
| choke me
| #endif
| 
| int
| main ()
| {
| return fullfsync ();
|   ;
|   return 0;
| }
configure:12456: result: no
configure:12456: checking for localtime_r
configure:12456: gcc -o conftest -g -O2   conftest.c  >&5
configure:12456: $? = 0
configure:12456: result: yes
configure:12456: checking for gmtime_r
configure:12456: gcc -o conftest -g -O2   conftest.c  >&5
configure:12456: $? = 0
configure:12456: result: yes
configure:12465: checking whether strerror_r is declared
configure:12465: gcc -c -g -O2  conftest.c >&5
configure:12465: $? = 0
configure:12465: result: yes
configure:12478: checking for strerror_r
configure:12478: gcc -o conftest -g -O2   conftest.c  >&5
configure:12478: $? = 0
configure:12478: result: yes
configure:12487: checking whether strerror_r returns char *
configure:12511: gcc -c -g -O2  conftest.c >&5
conftest.c:67:13: error: indirection requires pointer operand ('int' invalid)
   67 |           char x = *strerror_r (0, buf, sizeof buf);
      |                    ^~~~~~~~~~~~~~~~~~~~~~~~~~~~~~~~
conftest.c:68:10: error: incompatible integer to pointer conversion initializing 'char *' with an expression of type 'int' [-Wint-conversion]
   68 |           char *p = strerror_r (0, buf, sizeof buf);
      |                 ^   ~~~~~~~~~~~~~~~~~~~~~~~~~~~~~~~
2 errors generated.
configure:12511: $? = 1
configure: failed program was:
| /* confdefs.h */
| #define PACKAGE_NAME "sqlite"
| #define PACKAGE_TARNAME "sqlite"
| #define PACKAGE_VERSION "3.14.0"
| #define PACKAGE_STRING "sqlite 3.14.0"
| #define PACKAGE_BUGREPORT "http://www.sqlite.org"
| #define PACKAGE_URL ""
| #define PACKAGE "sqlite"
| #define VERSION "3.14.0"
| #define STDC_HEADERS 1
| #define HAVE_SYS_TYPES_H 1
| #define HAVE_SYS_STAT_H 1
| #define HAVE_STDLIB_H 1
| #define HAVE_STRING_H 1
| #define HAVE_MEMORY_H 1
| #define HAVE_STRINGS_H 1
| #define HAVE_INTTYPES_H 1
| #define HAVE_STDINT_H 1
| #define HAVE_UNISTD_H 1
| #define HAVE_DLFCN_H 1
| #define LT_OBJDIR ".libs/"
| #define HAVE_FDATASYNC 1
| #define HAVE_USLEEP 1
| #define HAVE_LOCALTIME_R 1
| #define HAVE_GMTIME_R 1
| #define HAVE_DECL_STRERROR_R 1
| #define HAVE_STRERROR_R 1
| /* end confdefs.h.  */
| #include <stdio.h>
| #ifdef HAVE_SYS_TYPES_H
| # include <sys/types.h>
| #endif
| #ifdef HAVE_SYS_STAT_H
| # include <sys/stat.h>
| #endif
| #ifdef STDC_HEADERS
| # include <stdlib.h>
| # include <stddef.h>
| #else
| # ifdef HAVE_STDLIB_H
| #  include <stdlib.h>
| # endif
| #endif
| #ifdef HAVE_STRING_H
| # if !defined STDC_HEADERS && defined HAVE_MEMORY_H
| #  include <memory.h>
| # endif
| # include <string.h>
| #endif
| #ifdef HAVE_STRINGS_H
| # include <strings.h>
| #endif
| #ifdef HAVE_INTTYPES_H
| # include <inttypes.h>
| #endif
| #ifdef HAVE_STDINT_H
| # include <stdint.h>
| #endif
| #ifdef HAVE_UNISTD_H
| # include <unistd.h>
| #endif
| int
| main ()
| {
| 
| 	  char buf[100];
| 	  char x = *strerror_r (0, buf, sizeof buf);
| 	  char *p = strerror_r (0, buf, sizeof buf);
| 	  return !p || x;
| 
|   ;
|   return 0;
| }
configure:12549: result: no
configure:12593: checking editline/readline.h usability
configure:12593: gcc -c -g -O2  conftest.c >&5
configure:12593: $? = 0
configure:12593: result: yes
configure:12593: checking editline/readline.h presence
configure:12593: gcc -E  conftest.c
configure:12593: $? = 0
configure:12593: result: yes
configure:12593: checking for editline/readline.h
configure:12593: result: yes
configure:12601: checking for library containing readline
configure:12632: gcc -o conftest -g -O2   conftest.c  >&5
Undefined symbols for architecture arm64:
  "_readline", referenced from:
      _main in conftest-310395.o
ld: symbol(s) not found for architecture arm64
clang: error: linker command failed with exit code 1 (use -v to see invocation)
configure:12632: $? = 1
configure: failed program was:
| /* confdefs.h */
| #define PACKAGE_NAME "sqlite"
| #define PACKAGE_TARNAME "sqlite"
| #define PACKAGE_VERSION "3.14.0"
| #define PACKAGE_STRING "sqlite 3.14.0"
| #define PACKAGE_BUGREPORT "http://www.sqlite.org"
| #define PACKAGE_URL ""
| #define PACKAGE "sqlite"
| #define VERSION "3.14.0"
| #define STDC_HEADERS 1
| #define HAVE_SYS_TYPES_H 1
| #define HAVE_SYS_STAT_H 1
| #define HAVE_STDLIB_H 1
| #define HAVE_STRING_H 1
| #define HAVE_MEMORY_H 1
| #define HAVE_STRINGS_H 1
| #define HAVE_INTTYPES_H 1
| #define HAVE_STDINT_H 1
| #define HAVE_UNISTD_H 1
| #define HAVE_DLFCN_H 1
| #define LT_OBJDIR ".libs/"
| #define HAVE_FDATASYNC 1
| #define HAVE_USLEEP 1
| #define HAVE_LOCALTIME_R 1
| #define HAVE_GMTIME_R 1
| #define HAVE_DECL_STRERROR_R 1
| #define HAVE_STRERROR_R 1
| #define HAVE_EDITLINE_READLINE_H 1
| /* end confdefs.h.  */
| 
| /* Override any GCC internal prototype to avoid an error.
|    Use char because int might match the return type of a GCC
|    builtin and then its argument prototype would still apply.  */
| #ifdef __cplusplus
| extern "C"
| #endif
| char readline ();
| int
| main ()
| {
| return readline ();
|   ;
|   return 0;
| }
configure:12632: gcc -o conftest -g -O2   conftest.c -ledit   >&5
configure:12632: $? = 0
configure:12649: result: -ledit
configure:12827: checking for library containing pthread_create
configure:12858: gcc -o conftest -g -O2   conftest.c  >&5
configure:12858: $? = 0
configure:12875: result: none required
configure:12883: checking for library containing pthread_mutexattr_init
configure:12914: gcc -o conftest -g -O2   conftest.c  >&5
configure:12914: $? = 0
configure:12931: result: none required
configure:12954: checking for library containing dlopen
configure:12985: gcc -o conftest -g -O2   conftest.c  >&5
configure:12985: $? = 0
configure:13002: result: none required
configure:13013: checking for whether to support dynamic extensions
configure:13015: result: yes
configure:13144: checking for posix_fallocate
configure:13144: gcc -o conftest -g -O2   conftest.c  >&5
Undefined symbols for architecture arm64:
  "_posix_fallocate", referenced from:
      _main in conftest-1594d6.o
ld: symbol(s) not found for architecture arm64
clang: error: linker command failed with exit code 1 (use -v to see invocation)
configure:13144: $? = 1
configure: failed program was:
| /* confdefs.h */
| #define PACKAGE_NAME "sqlite"
| #define PACKAGE_TARNAME "sqlite"
| #define PACKAGE_VERSION "3.14.0"
| #define PACKAGE_STRING "sqlite 3.14.0"
| #define PACKAGE_BUGREPORT "http://www.sqlite.org"
| #define PACKAGE_URL ""
| #define PACKAGE "sqlite"
| #define VERSION "3.14.0"
| #define STDC_HEADERS 1
| #define HAVE_SYS_TYPES_H 1
| #define HAVE_SYS_STAT_H 1
| #define HAVE_STDLIB_H 1
| #define HAVE_STRING_H 1
| #define HAVE_MEMORY_H 1
| #define HAVE_STRINGS_H 1
| #define HAVE_INTTYPES_H 1
| #define HAVE_STDINT_H 1
| #define HAVE_UNISTD_H 1
| #define HAVE_DLFCN_H 1
| #define LT_OBJDIR ".libs/"
| #define HAVE_FDATASYNC 1
| #define HAVE_USLEEP 1
| #define HAVE_LOCALTIME_R 1
| #define HAVE_GMTIME_R 1
| #define HAVE_DECL_STRERROR_R 1
| #define HAVE_STRERROR_R 1
| #define HAVE_EDITLINE_READLINE_H 1
| #define HAVE_EDITLINE 1
| /* end confdefs.h.  */
| /* Define posix_fallocate to an innocuous variant, in case <limits.h> declares posix_fallocate.
|    For example, HP-UX 11i <limits.h> declares gettimeofday.  */
| #define posix_fallocate innocuous_posix_fallocate
| 
| /* System header to define __stub macros and hopefully few prototypes,
|     which can conflict with char posix_fallocate (); below.
|     Prefer <limits.h> to <assert.h> if __STDC__ is defined, since
|     <limits.h> exists even on freestanding compilers.  */
| 
| #ifdef __STDC__
| # include <limits.h>
| #else
| # include <assert.h>
| #endif
| 
| #undef posix_fallocate
| 
| /* Override any GCC internal prototype to avoid an error.
|    Use char because int might match the return type of a GCC
|    builtin and then its argument prototype would still apply.  */
| #ifdef __cplusplus
| extern "C"
| #endif
| char posix_fallocate ();
| /* The GNU C library defines this for functions which it implements
|     to always fail with ENOSYS.  Some functions are actually named
|     something starting with __ and the normal name is an alias.  */
| #if defined __stub_posix_fallocate || defined __stub___posix_fallocate
| choke me
| #endif
| 
| int
| main ()
| {
| return posix_fallocate ();
|   ;
|   return 0;
| }
configure:13144: result: no
configure:13324: checking that generated files are newer than configure
configure:13330: result: done
configure:13357: creating ./config.status

## ---------------------- ##
## Running config.status. ##
## ---------------------- ##

This file was extended by sqlite config.status 3.14.0, which was
generated by GNU Autoconf 2.69.  Invocation command line was

  CONFIG_FILES    = 
  CONFIG_HEADERS  = 
  CONFIG_LINKS    = 
  CONFIG_COMMANDS = 
  $ ./config.status 

on MacBook-Pro.local

config.status:1010: creating Makefile
config.status:1010: creating sqlite3.pc
config.status:1182: executing depfiles commands
config.status:1182: executing libtool commands

## ---------------- ##
## Cache variables. ##
## ---------------- ##

ac_cv_build=arm-apple-darwin23.6.0
ac_cv_c_compiler_gnu=yes
ac_cv_env_CC_set=
ac_cv_env_CC_value=
ac_cv_env_CFLAGS_set=
ac_cv_env_CFLAGS_value=
ac_cv_env_CPPFLAGS_set=
ac_cv_env_CPPFLAGS_value=
ac_cv_env_CPP_set=
ac_cv_env_CPP_value=
ac_cv_env_LDFLAGS_set=
ac_cv_env_LDFLAGS_value=
ac_cv_env_LIBS_set=
ac_cv_env_LIBS_value=
ac_cv_env_build_alias_set=
ac_cv_env_build_alias_value=
ac_cv_env_host_alias_set=
ac_cv_env_host_alias_value=
ac_cv_env_target_alias_set=
ac_cv_env_target_alias_value=
ac_cv_func_fdatasync=yes
ac_cv_func_fullfsync=no
ac_cv_func_gmtime_r=yes
ac_cv_func_localtime_r=yes
ac_cv_func_posix_fallocate=no
ac_cv_func_strerror_r=yes
ac_cv_func_strerror_r_char_p=no
ac_cv_func_usleep=yes
ac_cv_have_decl_strerror_r=yes
ac_cv_header_dlfcn_h=yes
ac_cv_header_editline_readline_h=yes
ac_cv_header_inttypes_h=yes
ac_cv_header_memory_h=yes
ac_cv_header_stdc=yes
ac_cv_header_stdint_h=yes
ac_cv_header_stdlib_h=yes
ac_cv_header_string_h=yes
ac_cv_header_strings_h=yes
ac_cv_header_sys_stat_h=yes
ac_cv_header_sys_types_h=yes
ac_cv_header_unistd_h=yes
ac_cv_host=arm-apple-darwin23.6.0
ac_cv_objext=o
ac_cv_path_EGREP='/usr/bin/grep -E'
ac_cv_path_FGREP='/usr/bin/grep -F'
ac_cv_path_GREP=/usr/bin/grep
ac_cv_path_SED=/usr/bin/sed
ac_cv_path_install='/usr/bin/install -c'
ac_cv_prog_AWK=awk
ac_cv_prog_CPP='gcc -E'
ac_cv_prog_ac_ct_AR=ar
ac_cv_prog_ac_ct_CC=gcc
ac_cv_prog_ac_ct_DSYMUTIL=dsymutil
ac_cv_prog_ac_ct_LIPO=lipo
ac_cv_prog_ac_ct_NMEDIT=nmedit
ac_cv_prog_ac_ct_OBJDUMP=objdump
ac_cv_prog_ac_ct_OTOOL=otool
ac_cv_prog_ac_ct_RANLIB=ranlib
ac_cv_prog_ac_ct_STRIP=strip
ac_cv_prog_cc_c89=
ac_cv_prog_cc_g=yes
ac_cv_prog_make_make_set=yes
ac_cv_search_dlopen='none required'
ac_cv_search_pthread_create='none required'
ac_cv_search_pthread_mutexattr_init='none required'
ac_cv_sys_file_offset_bits=no
ac_cv_sys_largefile_CC=no
am_cv_CC_dependencies_compiler_type=gcc3
am_cv_make_support_nested_variables=yes
am_cv_prog_cc_c_o=yes
lt_cv_apple_cc_single_mod=no
lt_cv_ar_at_file=no
lt_cv_deplibs_check_method=pass_all
lt_cv_file_magic_cmd='$MAGIC_CMD'
lt_cv_file_magic_test_file=
lt_cv_ld_exported_symbols_list=yes
lt_cv_ld_force_load=yes
lt_cv_ld_reload_flag=-r
lt_cv_nm_interface='BSD nm'
lt_cv_objdir=.libs
lt_cv_path_LD=/Applications/Xcode.app/Contents/Developer/Toolchains/XcodeDefault.xctoolchain/usr/bin/ld
lt_cv_path_NM='/usr/bin/nm -B'
lt_cv_path_mainfest_tool=no
lt_cv_prog_compiler_c_o=yes
lt_cv_prog_compiler_pic='-fno-common -DPIC'
lt_cv_prog_compiler_pic_works=yes
lt_cv_prog_compiler_rtti_exceptions=yes
lt_cv_prog_compiler_static_works=no
lt_cv_prog_gnu_ld=no
lt_cv_sharedlib_from_linklib_cmd='printf %s\n'
lt_cv_sys_global_symbol_pipe='sed -n -e '\''s/^.*[	 ]\([ABCDGIRSTW][ABCDGIRSTW]*\)[	 ][	 ]*_\([_A-Za-z][_A-Za-z0-9]*\)$/\1 _\2 \2/p'\'' | sed '\''/ __gnu_lto/d'\'''
lt_cv_sys_global_symbol_to_c_name_address='sed -n -e '\''s/^: \([^ ]*\)[ ]*$/  {\"\1\", (void *) 0},/p'\'' -e '\''s/^[ABCDGIRSTW]* \([^ ]*\) \([^ ]*\)$/  {"\2", (void *) \&\2},/p'\'''
lt_cv_sys_global_symbol_to_c_name_address_lib_prefix='sed -n -e '\''s/^: \([^ ]*\)[ ]*$/  {\"\1\", (void *) 0},/p'\'' -e '\''s/^[ABCDGIRSTW]* \([^ ]*\) \(lib[^ ]*\)$/  {"\2", (void *) \&\2},/p'\'' -e '\''s/^[ABCDGIRSTW]* \([^ ]*\) \([^ ]*\)$/  {"lib\2", (void *) \&\2},/p'\'''
lt_cv_sys_global_symbol_to_cdecl='sed -n -e '\''s/^T .* \(.*\)$/extern int \1();/p'\'' -e '\''s/^[ABCDGIRSTW]* .* \(.*\)$/extern char \1;/p'\'''
lt_cv_sys_max_cmd_len=786432
lt_cv_to_host_file_cmd=func_convert_file_noop
lt_cv_to_tool_file_cmd=func_convert_file_noop

## ----------------- ##
## Output variables. ##
## ----------------- ##

ACLOCAL='${SHELL} /Users/user/Desktop/messyq/sqlite/missing aclocal-1.14'
AMDEPBACKSLASH='\'
AMDEP_FALSE='#'
AMDEP_TRUE=''
AMTAR='$${TAR-tar}'
AM_BACKSLASH='\'
AM_DEFAULT_V='$(AM_DEFAULT_VERBOSITY)'
AM_DEFAULT_VERBOSITY='1'
AM_V='$(V)'
AR='ar'
AUTOCONF='${SHELL} /Users/user/Desktop/messyq/sqlite/missing autoconf'
AUTOHEADER='${SHELL} /Users/user/Desktop/messyq/sqlite/missing autoheader'
AUTOMAKE='${SHELL} /Users/user/Desktop/messyq/sqlite/missing automake-1.14'
AWK='awk'
BUILD_CFLAGS=''
CC='gcc'
CCDEPMODE='depmode=gcc3'
CFLAGS='-g -O2'
CPP='gcc -E'
CPPFLAGS=''
CYGPATH_W='echo'
DEFS='-DPACKAGE_NAME=\"sqlite\" -DPACKAGE_TARNAME=\"sqlite\" -DPACKAGE_VERSION=\"3.14.0\" -DPACKAGE_STRING=\"sqlite\ 3.14.0\" -DPACKAGE_BUGREPORT=\"http://www.sqlite.org\" -DPACKAGE_URL=\"\" -DPACKAGE=\"sqlite\" -DVERSION=\"3.14.0\" -DSTDC_HEADERS=1 -DHAVE_SYS_TYPES_H=1 -DHAVE_SYS_STAT_H=1 -DHAVE_STDLIB_H=1 -DHAVE_STRING_H=1 -DHAVE_MEMORY_H=1 -DHAVE_STRINGS_H=1 -DHAVE_INTTYPES_H=1 -DHAVE_STDINT_H=1 -DHAVE_UNISTD_H=1 -DHAVE_DLFCN_H=1 -DLT_OBJDIR=\".libs/\" -DHAVE_FDATASYNC=1 -DHAVE_USLEEP=1 -DHAVE_LOCALTIME_R=1 -DHAVE_GMTIME_R=1 -DHAVE_DECL_STRERROR_R=1 -DHAVE_STRERROR_R=1 -DHAVE_EDITLINE_READLINE_H=1 -DHAVE_EDITLINE=1'
DEPDIR='.deps'
DLLTOOL='false'
DSYMUTIL='dsymutil'
DUMPBIN=''
DYNAMIC_EXTENSION_FLAGS=''
ECHO_C='\c'
ECHO_N=''
ECHO_T=''
EGREP='/usr/bin/grep -E'
EXEEXT=''
EXTRA_SHELL_OBJ='sqlite3-sqlite3.o'
FGREP='/usr/bin/grep -F'
FTS5_FLAGS=''
GREP='/usr/bin/grep'
INSTALL_DATA='${INSTALL} -m 644'
INSTALL_PROGRAM='${INSTALL}'
INSTALL_SCRIPT='${INSTALL}'
INSTALL_STRIP_PROGRAM='$(install_sh) -c -s'
JSON1_FLAGS=''
LD='/Applications/Xcode.app/Contents/Developer/Toolchains/XcodeDefault.xctoolchain/usr/bin/ld'
LDFLAGS=''
LIBOBJS=''
LIBS=''
LIBTOOL='$(SHELL) $(top_builddir)/libtool'
LIPO='lipo'
LN_S='ln -s'
LTLIBOBJS=''
MAKEINFO='${SHELL} /Users/user/Desktop/messyq/sqlite/missing makeinfo'
MANIFEST_TOOL=':'
MKDIR_P='./install-sh -c -d'
NM='/usr/bin/nm -B'
NMEDIT='nmedit'
OBJDUMP='objdump'
OBJEXT='o'
OTOOL64=':'
OTOOL='otool'
PACKAGE='sqlite'
PACKAGE_BUGREPORT='http://www.sqlite.org'
PACKAGE_NAME='sqlite'
PACKAGE_STRING='sqlite 3.14.0'
PACKAGE_TARNAME='sqlite'
PACKAGE_URL=''
PACKAGE_VERSION='3.14.0'
PATH_SEPARATOR=':'
RANLIB='ranlib'
READLINE_LIBS='-ledit '
SED='/usr/bin/sed'
SESSION_FLAGS=''
SET_MAKE=''
SHELL='/bin/sh'
STRIP='strip'
THREADSAFE_FLAGS='-D_REENTRANT=1 -DSQLITE_THREADSAFE=1'
VERSION='3.14.0'
ac_ct_AR='ar'
ac_ct_CC='gcc'
ac_ct_DUMPBIN=''
am__EXEEXT_FALSE=''
am__EXEEXT_TRUE='#'
am__fastdepCC_FALSE='#'
am__fastdepCC_TRUE=''
am__include='include'
am__isrc=''
am__leading_dot='.'
am__nodep='_no'
am__quote=''
am__tar='$${TAR-tar} chof - "$$tardir"'
am__untar='$${TAR-tar} xf -'
bindir='${exec_prefix}/bin'
build='arm-apple-darwin23.6.0'
build_alias=''
build_cpu='arm'
build_os='darwin23.6.0'
build_vendor='apple'
datadir='${datarootdir}'
datarootdir='${prefix}/share'
docdir='${datarootdir}/doc/${PACKAGE_TARNAME}'
dvidir='${docdir}'
exec_prefix='${prefix}'
host='arm-apple-darwin23.6.0'
host_alias=''
host_cpu='arm'
host_os='darwin23.6.0'
host_vendor='apple'
htmldir='${docdir}'
includedir='${prefix}/include'
infodir='${datarootdir}/info'
install_sh='${SHELL} /Users/user/Desktop/messyq/sqlite/install-sh'
libdir='${exec_prefix}/lib'
libexecdir='${exec_prefix}/libexec'
localedir='${datarootdir}/locale'
localstatedir='${prefix}/var'
mandir='${datarootdir}/man'
mkdir_p='$(MKDIR_P)'
oldincludedir='/usr/include'
pdfdir='${docdir}'
prefix='/usr/local'
program_transform_name='s,x,x,'
psdir='${docdir}'
sbindir='${exec_prefix}/sbin'
sharedstatedir='${prefix}/com'
sysconfdir='${prefix}/etc'
target_alias=''

## ----------- ##
## confdefs.h. ##
## ----------- ##

/* confdefs.h */
#define PACKAGE_NAME "sqlite"
#define PACKAGE_TARNAME "sqlite"
#define PACKAGE_VERSION "3.14.0"
#define PACKAGE_STRING "sqlite 3.14.0"
#define PACKAGE_BUGREPORT "http://www.sqlite.org"
#define PACKAGE_URL ""
#define PACKAGE "sqlite"
#define VERSION "3.14.0"
#define STDC_HEADERS 1
#define HAVE_SYS_TYPES_H 1
#define HAVE_SYS_STAT_H 1
#define HAVE_STDLIB_H 1
#define HAVE_STRING_H 1
#define HAVE_MEMORY_H 1
#define HAVE_STRINGS_H 1
#define HAVE_INTTYPES_H 1
#define HAVE_STDINT_H 1
#define HAVE_UNISTD_H 1
#define HAVE_DLFCN_H 1
#define LT_OBJDIR ".libs/"
#define HAVE_FDATASYNC 1
#define HAVE_USLEEP 1
#define HAVE_LOCALTIME_R 1
#define HAVE_GMTIME_R 1
#define HAVE_DECL_STRERROR_R 1
#define HAVE_STRERROR_R 1
#define HAVE_EDITLINE_READLINE_H 1
#define HAVE_EDITLINE 1

configure: exit 0
